--------------------------------------------------------------------------------
Release 14.7 Trace  (nt)
Copyright (c) 1995-2013 Xilinx, Inc.  All rights reserved.

C:\Xilinx\14.7\ISE_DS\ISE\bin\nt\unwrapped\trce.exe -intstyle ise -v 3 -s 3 -n
3 -fastpaths -xml gesamt.twx gesamt.ncd -o gesamt.twr gesamt.pcf -ucf
gesamt.ucf

Design file:              gesamt.ncd
Physical constraint file: gesamt.pcf
Device,package,speed:     xc6slx45,fgg676,C,-3 (PRODUCTION 1.23 2013-10-13)
Report level:             verbose report

Environment Variable      Effect 
--------------------      ------ 
NONE                      No environment variables were set
--------------------------------------------------------------------------------

INFO:Timing:2698 - No timing constraints found, doing default enumeration.
INFO:Timing:3412 - To improve timing, see the Timing Closure User Guide (UG612).
INFO:Timing:2752 - To get complete path coverage, use the unconstrained paths 
   option. All paths that are not constrained will be reported in the 
   unconstrained paths section(s) of the report.
INFO:Timing:3339 - The clock-to-out numbers in this timing report are based on 
   a 50 Ohm transmission line loading model.  For the details of this model, 
   and for more information on accounting for different loading conditions, 
   please see the device datasheet.



Data Sheet report:
-----------------
All values displayed in nanoseconds (ns)

Setup/Hold to clock clk_in
------------+------------+------------+------------+------------+------------------+--------+
            |Max Setup to|  Process   |Max Hold to |  Process   |                  | Clock  |
Source      | clk (edge) |   Corner   | clk (edge) |   Corner   |Internal Clock(s) | Phase  |
------------+------------+------------+------------+------------+------------------+--------+
reset       |    2.807(R)|      SLOW  |    0.109(R)|      SLOW  |XLXN_209          |   0.000|
------------+------------+------------+------------+------------+------------------+--------+

Clock clk_in to Pad
------------+-----------------+------------+-----------------+------------+------------------+--------+
            |Max (slowest) clk|  Process   |Min (fastest) clk|  Process   |                  | Clock  |
Destination |  (edge) to PAD  |   Corner   |  (edge) to PAD  |   Corner   |Internal Clock(s) | Phase  |
------------+-----------------+------------+-----------------+------------+------------------+--------+
blue<0>     |        10.547(R)|      SLOW  |         6.000(R)|      FAST  |XLXN_209          |   0.000|
blue<1>     |        10.881(R)|      SLOW  |         6.258(R)|      FAST  |XLXN_209          |   0.000|
blue<2>     |        11.054(R)|      SLOW  |         6.275(R)|      FAST  |XLXN_209          |   0.000|
blue<3>     |        12.131(R)|      SLOW  |         6.927(R)|      FAST  |XLXN_209          |   0.000|
blue<4>     |        10.276(R)|      SLOW  |         5.814(R)|      FAST  |XLXN_209          |   0.000|
blue<5>     |        11.185(R)|      SLOW  |         6.368(R)|      FAST  |XLXN_209          |   0.000|
blue<6>     |        10.574(R)|      SLOW  |         6.024(R)|      FAST  |XLXN_209          |   0.000|
blue<7>     |        10.702(R)|      SLOW  |         6.058(R)|      FAST  |XLXN_209          |   0.000|
clk_monitor |         8.157(R)|      SLOW  |         4.407(R)|      FAST  |XLXN_209          |   0.000|
            |         8.132(F)|      SLOW  |         4.341(F)|      FAST  |XLXN_209          |   0.000|
green<0>    |        11.149(R)|      SLOW  |         6.120(R)|      FAST  |XLXN_209          |   0.000|
green<1>    |        10.946(R)|      SLOW  |         6.249(R)|      FAST  |XLXN_209          |   0.000|
green<2>    |        10.815(R)|      SLOW  |         6.156(R)|      FAST  |XLXN_209          |   0.000|
green<3>    |        10.851(R)|      SLOW  |         6.195(R)|      FAST  |XLXN_209          |   0.000|
green<4>    |        11.608(R)|      SLOW  |         6.581(R)|      FAST  |XLXN_209          |   0.000|
green<5>    |        10.593(R)|      SLOW  |         6.013(R)|      FAST  |XLXN_209          |   0.000|
green<6>    |        11.608(R)|      SLOW  |         6.581(R)|      FAST  |XLXN_209          |   0.000|
green<7>    |        10.001(R)|      SLOW  |         5.579(R)|      FAST  |XLXN_209          |   0.000|
red<0>      |        10.670(R)|      SLOW  |         5.870(R)|      FAST  |XLXN_209          |   0.000|
red<1>      |        10.336(R)|      SLOW  |         5.612(R)|      FAST  |XLXN_209          |   0.000|
red<2>      |        10.675(R)|      SLOW  |         5.784(R)|      FAST  |XLXN_209          |   0.000|
red<3>      |        10.670(R)|      SLOW  |         5.870(R)|      FAST  |XLXN_209          |   0.000|
red<4>      |        10.336(R)|      SLOW  |         5.612(R)|      FAST  |XLXN_209          |   0.000|
red<5>      |        10.673(R)|      SLOW  |         5.782(R)|      FAST  |XLXN_209          |   0.000|
red<6>      |        10.669(R)|      SLOW  |         5.869(R)|      FAST  |XLXN_209          |   0.000|
red<7>      |        10.335(R)|      SLOW  |         5.611(R)|      FAST  |XLXN_209          |   0.000|
sync_hor    |         9.228(R)|      SLOW  |         5.167(R)|      FAST  |XLXN_209          |   0.000|
sync_vert   |        10.524(R)|      SLOW  |         5.982(R)|      FAST  |XLXN_209          |   0.000|
------------+-----------------+------------+-----------------+------------+------------------+--------+

Clock to Setup on destination clock clk_in
---------------+---------+---------+---------+---------+
               | Src:Rise| Src:Fall| Src:Rise| Src:Fall|
Source Clock   |Dest:Rise|Dest:Rise|Dest:Fall|Dest:Fall|
---------------+---------+---------+---------+---------+
clk_in         |   11.592|         |         |         |
---------------+---------+---------+---------+---------+


Analysis completed Tue Jul 25 18:11:26 2017 
--------------------------------------------------------------------------------

Trace Settings:
-------------------------
Trace Settings 

Peak Memory Usage: 211 MB



